<?xml version="1.0" encoding="UTF-8"?>
<testsuite name="com.example.demo.DemoApplicationTests" tests="1" skipped="0" failures="0" errors="0" timestamp="2018-09-19T08:20:55" hostname="Rickys-MacBook-Pro.local" time="0.144">
  <properties/>
  <testcase name="contextLoads" classname="com.example.demo.DemoApplicationTests" time="0.144"/>
  <system-out><![CDATA[15:20:52.192 [Test worker] DEBUG org.springframework.test.context.junit4.SpringJUnit4ClassRunner - SpringJUnit4ClassRunner constructor called with [class com.example.demo.DemoApplicationTests]
15:20:52.199 [Test worker] DEBUG org.springframework.test.context.BootstrapUtils - Instantiating CacheAwareContextLoaderDelegate from class [org.springframework.test.context.cache.DefaultCacheAwareContextLoaderDelegate]
15:20:52.208 [Test worker] DEBUG org.springframework.test.context.BootstrapUtils - Instantiating BootstrapContext using constructor [public org.springframework.test.context.support.DefaultBootstrapContext(java.lang.Class,org.springframework.test.context.CacheAwareContextLoaderDelegate)]
15:20:52.245 [Test worker] DEBUG org.springframework.test.context.BootstrapUtils - Instantiating TestContextBootstrapper for test class [com.example.demo.DemoApplicationTests] from class [org.springframework.boot.test.context.SpringBootTestContextBootstrapper]
15:20:52.256 [Test worker] INFO org.springframework.boot.test.context.SpringBootTestContextBootstrapper - Neither @ContextConfiguration nor @ContextHierarchy found for test class [com.example.demo.DemoApplicationTests], using SpringBootContextLoader
15:20:52.261 [Test worker] DEBUG org.springframework.test.context.support.AbstractContextLoader - Did not detect default resource location for test class [com.example.demo.DemoApplicationTests]: class path resource [com/example/demo/DemoApplicationTests-context.xml] does not exist
15:20:52.262 [Test worker] DEBUG org.springframework.test.context.support.AbstractContextLoader - Did not detect default resource location for test class [com.example.demo.DemoApplicationTests]: class path resource [com/example/demo/DemoApplicationTestsContext.groovy] does not exist
15:20:52.263 [Test worker] INFO org.springframework.test.context.support.AbstractContextLoader - Could not detect default resource locations for test class [com.example.demo.DemoApplicationTests]: no resource found for suffixes {-context.xml, Context.groovy}.
15:20:52.264 [Test worker] INFO org.springframework.test.context.support.AnnotationConfigContextLoaderUtils - Could not detect default configuration classes for test class [com.example.demo.DemoApplicationTests]: DemoApplicationTests does not declare any static, non-private, non-final, nested classes annotated with @Configuration.
15:20:52.299 [Test worker] DEBUG org.springframework.test.context.support.ActiveProfilesUtils - Could not find an 'annotation declaring class' for annotation type [org.springframework.test.context.ActiveProfiles] and class [com.example.demo.DemoApplicationTests]
15:20:52.304 [Test worker] DEBUG org.springframework.core.env.StandardEnvironment - Adding PropertySource 'systemProperties' with lowest search precedence
15:20:52.305 [Test worker] DEBUG org.springframework.core.env.StandardEnvironment - Adding PropertySource 'systemEnvironment' with lowest search precedence
15:20:52.305 [Test worker] DEBUG org.springframework.core.env.StandardEnvironment - Initialized StandardEnvironment with PropertySources [MapPropertySource@221507623 {name='systemProperties', properties={java.runtime.name=Java(TM) SE Runtime Environment, sun.boot.library.path=/Library/Java/JavaVirtualMachines/jdk1.8.0_60.jdk/Contents/Home/jre/lib, java.vm.version=25.60-b23, gopherProxySet=false, java.vm.vendor=Oracle Corporation, java.vendor.url=http://java.oracle.com/, path.separator=:, java.vm.name=Java HotSpot(TM) 64-Bit Server VM, file.encoding.pkg=sun.io, sun.java.launcher=SUN_STANDARD, user.country=ID, sun.os.patch.level=unknown, java.vm.specification.name=Java Virtual Machine Specification, user.dir=/Users/kaelky/IdeaProjects/tutorial-2, java.runtime.version=1.8.0_60-b27, java.awt.graphicsenv=sun.awt.CGraphicsEnvironment, java.endorsed.dirs=/Library/Java/JavaVirtualMachines/jdk1.8.0_60.jdk/Contents/Home/jre/lib/endorsed, os.arch=x86_64, java.io.tmpdir=/var/folders/ff/4wl7yb7d7k5b_c0nrp3wmwkh0000gn/T/, line.separator=
, java.vm.specification.vendor=Oracle Corporation, user.variant=, os.name=Mac OS X, sun.jnu.encoding=UTF-8, java.library.path=/Users/kaelky/Library/Java/Extensions:/Library/Java/Extensions:/Network/Library/Java/Extensions:/System/Library/Java/Extensions:/usr/lib/java:., java.specification.name=Java Platform API Specification, java.class.version=52.0, org.gradle.native=false, sun.management.compiler=HotSpot 64-Bit Tiered Compilers, os.version=10.13.6, http.nonProxyHosts=local|*.local|169.254/16|*.169.254/16, user.home=/Users/kaelky, user.timezone=Asia/Jakarta, java.awt.printerjob=sun.lwawt.macosx.CPrinterJob, file.encoding=UTF-8, java.specification.version=1.8, java.class.path=/Users/kaelky/IdeaProjects/tutorial-2/build/classes/java/test:/Users/kaelky/IdeaProjects/tutorial-2/build/resources/test:/Users/kaelky/IdeaProjects/tutorial-2/build/classes/java/main:/Users/kaelky/IdeaProjects/tutorial-2/build/resources/main:/Users/kaelky/.gradle/caches/modules-2/files-2.1/org.springframework.boot/spring-boot-starter-thymeleaf/2.0.5.RELEASE/711c936b0e73d40cde44b68deeed7e5a879b7974/spring-boot-starter-thymeleaf-2.0.5.RELEASE.jar:/Users/kaelky/.gradle/caches/modules-2/files-2.1/org.springframework.boot/spring-boot-starter-web/2.0.5.RELEASE/52daa1f1509bd637a737206e54c06a17aabb9504/spring-boot-starter-web-2.0.5.RELEASE.jar:/Users/kaelky/.gradle/caches/modules-2/files-2.1/org.springframework.boot/spring-boot-devtools/2.0.5.RELEASE/9bd89be8e5d96477f8dd846fea4ced5954031d89/spring-boot-devtools-2.0.5.RELEASE.jar:/Users/kaelky/.gradle/caches/modules-2/files-2.1/org.springframework.boot/spring-boot-starter-test/2.0.5.RELEASE/ab04ca2e76f6a8e786001352a81a10e4b0e7fbc8/spring-boot-starter-test-2.0.5.RELEASE.jar:/Users/kaelky/.gradle/caches/modules-2/files-2.1/org.springframework.boot/spring-boot-starter-json/2.0.5.RELEASE/d0052ded4733ceb1fb7d927238f22f9a92099227/spring-boot-starter-json-2.0.5.RELEASE.jar:/Users/kaelky/.gradle/caches/modules-2/files-2.1/org.springframework.boot/spring-boot-starter/2.0.5.RELEASE/1f53487a373be18d064a5815e9bac9882ef15cdc/spring-boot-starter-2.0.5.RELEASE.jar:/Users/kaelky/.gradle/caches/modules-2/files-2.1/org.thymeleaf/thymeleaf-spring5/3.0.9.RELEASE/abf84efd83808a70d982d2790f7f3a7bd3a39cf4/thymeleaf-spring5-3.0.9.RELEASE.jar:/Users/kaelky/.gradle/caches/modules-2/files-2.1/org.thymeleaf.extras/thymeleaf-extras-java8time/3.0.1.RELEASE/d23760d1e53cd70c489ef40dc94ee6bd2371cceb/thymeleaf-extras-java8time-3.0.1.RELEASE.jar:/Users/kaelky/.gradle/caches/modules-2/files-2.1/org.springframework.boot/spring-boot-starter-tomcat/2.0.5.RELEASE/eaac8a5d73b45400bc88cd7f6b5c99b5f0d5e9b7/spring-boot-starter-tomcat-2.0.5.RELEASE.jar:/Users/kaelky/.gradle/caches/modules-2/files-2.1/org.hibernate.validator/hibernate-validator/6.0.12.Final/478003e61b056c1f97840ba3e62ff31cdc89597/hibernate-validator-6.0.12.Final.jar:/Users/kaelky/.gradle/caches/modules-2/files-2.1/org.springframework/spring-webmvc/5.0.9.RELEASE/c18346caaeb8dc648c4cc01874996fd9fef76664/spring-webmvc-5.0.9.RELEASE.jar:/Users/kaelky/.gradle/caches/modules-2/files-2.1/org.springframework/spring-web/5.0.9.RELEASE/1ea3aab93340849313fa74ec626ddaf1fff9ed8e/spring-web-5.0.9.RELEASE.jar:/Users/kaelky/.gradle/caches/modules-2/files-2.1/org.springframework.boot/spring-boot-test-autoconfigure/2.0.5.RELEASE/54d5e8f9e88c6236fe164474f0aed5a8a1052c43/spring-boot-test-autoconfigure-2.0.5.RELEASE.jar:/Users/kaelky/.gradle/caches/modules-2/files-2.1/org.springframework.boot/spring-boot-autoconfigure/2.0.5.RELEASE/e5588642799e0c0c04638e255c3d3f31ba400ff4/spring-boot-autoconfigure-2.0.5.RELEASE.jar:/Users/kaelky/.gradle/caches/modules-2/files-2.1/org.springframework.boot/spring-boot-test/2.0.5.RELEASE/ce6353f33217982357a6bdba6576015ea333304c/spring-boot-test-2.0.5.RELEASE.jar:/Users/kaelky/.gradle/caches/modules-2/files-2.1/org.springframework.boot/spring-boot/2.0.5.RELEASE/19a4624cbd89a318d10c79f289c6c816043850fb/spring-boot-2.0.5.RELEASE.jar:/Users/kaelky/.gradle/caches/modules-2/files-2.1/com.jayway.jsonpath/json-path/2.4.0/765a4401ceb2dc8d40553c2075eb80a8fa35c2ae/json-path-2.4.0.jar:/Users/kaelky/.gradle/caches/modules-2/files-2.1/junit/junit/4.12/2973d150c0dc1fefe998f834810d68f278ea58ec/junit-4.12.jar:/Users/kaelky/.gradle/caches/modules-2/files-2.1/org.assertj/assertj-core/3.9.1/c5ce126b15f28d56cd8f960c1a6a058b9c9aea87/assertj-core-3.9.1.jar:/Users/kaelky/.gradle/caches/modules-2/files-2.1/org.mockito/mockito-core/2.15.0/b84bfbbc29cd22c9529409627af6ea2897f4fa85/mockito-core-2.15.0.jar:/Users/kaelky/.gradle/caches/modules-2/files-2.1/org.hamcrest/hamcrest-library/1.3/4785a3c21320980282f9f33d0d1264a69040538f/hamcrest-library-1.3.jar:/Users/kaelky/.gradle/caches/modules-2/files-2.1/org.hamcrest/hamcrest-core/1.3/42a25dc3219429f0e5d060061f71acb49bf010a0/hamcrest-core-1.3.jar:/Users/kaelky/.gradle/caches/modules-2/files-2.1/org.skyscreamer/jsonassert/1.5.0/6c9d5fe2f59da598d9aefc1cfc6528ff3cf32df3/jsonassert-1.5.0.jar:/Users/kaelky/.gradle/caches/modules-2/files-2.1/org.springframework/spring-test/5.0.9.RELEASE/218c8648f898453be92d550252e0ce2a84b54375/spring-test-5.0.9.RELEASE.jar:/Users/kaelky/.gradle/caches/modules-2/files-2.1/org.springframework/spring-context/5.0.9.RELEASE/2501e55acb6c2e84667cda3f845d1d00a0dc4e05/spring-context-5.0.9.RELEASE.jar:/Users/kaelky/.gradle/caches/modules-2/files-2.1/org.springframework/spring-expression/5.0.9.RELEASE/1f9db5ff3a758102c0434cc3457aa47c50c39a4a/spring-expression-5.0.9.RELEASE.jar:/Users/kaelky/.gradle/caches/modules-2/files-2.1/org.springframework/spring-aop/5.0.9.RELEASE/98003b099697fe46b6bdf18c7e3f66d7a1381060/spring-aop-5.0.9.RELEASE.jar:/Users/kaelky/.gradle/caches/modules-2/files-2.1/org.springframework/spring-beans/5.0.9.RELEASE/65f56fdab1bb90ad059e314d2f2f4cf76f9bdbde/spring-beans-5.0.9.RELEASE.jar:/Users/kaelky/.gradle/caches/modules-2/files-2.1/org.springframework/spring-core/5.0.9.RELEASE/9f9a828936d81afd49a603bda9cc1aed863a0d85/spring-core-5.0.9.RELEASE.jar:/Users/kaelky/.gradle/caches/modules-2/files-2.1/org.xmlunit/xmlunit-core/2.5.1/4ffdb346572a7356f7521cd3119ce5287d2e339d/xmlunit-core-2.5.1.jar:/Users/kaelky/.gradle/caches/modules-2/files-2.1/org.springframework.boot/spring-boot-starter-logging/2.0.5.RELEASE/c353e0b9591d0765c687ff0a678478cbebfd5c23/spring-boot-starter-logging-2.0.5.RELEASE.jar:/Users/kaelky/.gradle/caches/modules-2/files-2.1/javax.annotation/javax.annotation-api/1.3.2/934c04d3cfef185a8008e7bf34331b79730a9d43/javax.annotation-api-1.3.2.jar:/Users/kaelky/.gradle/caches/modules-2/files-2.1/org.yaml/snakeyaml/1.19/2d998d3d674b172a588e54ab619854d073f555b5/snakeyaml-1.19.jar:/Users/kaelky/.gradle/caches/modules-2/files-2.1/org.thymeleaf/thymeleaf/3.0.9.RELEASE/64185cca50ac808ad034841c84b4013f955465d2/thymeleaf-3.0.9.RELEASE.jar:/Users/kaelky/.gradle/caches/modules-2/files-2.1/ch.qos.logback/logback-classic/1.2.3/7c4f3c474fb2c041d8028740440937705ebb473a/logback-classic-1.2.3.jar:/Users/kaelky/.gradle/caches/modules-2/files-2.1/org.apache.logging.log4j/log4j-to-slf4j/2.10.0/f7e631ccf49cfc0aefa4a2a728da7d374c05bd3c/log4j-to-slf4j-2.10.0.jar:/Users/kaelky/.gradle/caches/modules-2/files-2.1/org.slf4j/jul-to-slf4j/1.7.25/af5364cd6679bfffb114f0dec8a157aaa283b76/jul-to-slf4j-1.7.25.jar:/Users/kaelky/.gradle/caches/modules-2/files-2.1/org.slf4j/slf4j-api/1.7.25/da76ca59f6a57ee3102f8f9bd9cee742973efa8a/slf4j-api-1.7.25.jar:/Users/kaelky/.gradle/caches/modules-2/files-2.1/com.fasterxml.jackson.datatype/jackson-datatype-jdk8/2.9.6/456895fc91bf7180b216fead220373e6278230c9/jackson-datatype-jdk8-2.9.6.jar:/Users/kaelky/.gradle/caches/modules-2/files-2.1/com.fasterxml.jackson.datatype/jackson-datatype-jsr310/2.9.6/ea54f6193d224e5e5732bbd4262327eb465397c2/jackson-datatype-jsr310-2.9.6.jar:/Users/kaelky/.gradle/caches/modules-2/files-2.1/com.fasterxml.jackson.module/jackson-module-parameter-names/2.9.6/129acd77a4b6ee30d62d3a0899b1344c8ec2bff8/jackson-module-parameter-names-2.9.6.jar:/Users/kaelky/.gradle/caches/modules-2/files-2.1/com.fasterxml.jackson.core/jackson-databind/2.9.6/cfa4f316351a91bfd95cb0644c6a2c95f52db1fc/jackson-databind-2.9.6.jar:/Users/kaelky/.gradle/caches/modules-2/files-2.1/org.apache.tomcat.embed/tomcat-embed-websocket/8.5.34/5f86906367c2540b21e6aeecc277d2ce9ec939b0/tomcat-embed-websocket-8.5.34.jar:/Users/kaelky/.gradle/caches/modules-2/files-2.1/org.apache.tomcat.embed/tomcat-embed-core/8.5.34/a038040d68a90397f95dd1e11b979fe364a5000f/tomcat-embed-core-8.5.34.jar:/Users/kaelky/.gradle/caches/modules-2/files-2.1/org.apache.tomcat.embed/tomcat-embed-el/8.5.34/be71a9a5bdd001db7cf97c47429eec0bdd3b7b88/tomcat-embed-el-8.5.34.jar:/Users/kaelky/.gradle/caches/modules-2/files-2.1/javax.validation/validation-api/2.0.1.Final/cb855558e6271b1b32e716d24cb85c7f583ce09e/validation-api-2.0.1.Final.jar:/Users/kaelky/.gradle/caches/modules-2/files-2.1/org.jboss.logging/jboss-logging/3.3.2.Final/3789d00e859632e6c6206adc0c71625559e6e3b0/jboss-logging-3.3.2.Final.jar:/Users/kaelky/.gradle/caches/modules-2/files-2.1/com.fasterxml/classmate/1.3.4/3d5f48f10bbe4eb7bd862f10c0583be2e0053c6/classmate-1.3.4.jar:/Users/kaelky/.gradle/caches/modules-2/files-2.1/net.minidev/json-smart/2.3/7396407491352ce4fa30de92efb158adb76b5b/json-smart-2.3.jar:/Users/kaelky/.gradle/caches/modules-2/files-2.1/net.bytebuddy/byte-buddy/1.7.11/f02857a4e2c66ccbe7aaad6100a0a6c461bce9b3/byte-buddy-1.7.11.jar:/Users/kaelky/.gradle/caches/modules-2/files-2.1/net.bytebuddy/byte-buddy-agent/1.7.11/b425a8933ca07edd03c6dbc8bc3b595fba9780de/byte-buddy-agent-1.7.11.jar:/Users/kaelky/.gradle/caches/modules-2/files-2.1/org.objenesis/objenesis/2.6/639033469776fd37c08358c6b92a4761feb2af4b/objenesis-2.6.jar:/Users/kaelky/.gradle/caches/modules-2/files-2.1/com.vaadin.external.google/android-json/0.0.20131108.vaadin1/fa26d351fe62a6a17f5cda1287c1c6110dec413f/android-json-0.0.20131108.vaadin1.jar:/Users/kaelky/.gradle/caches/modules-2/files-2.1/org.springframework/spring-jcl/5.0.9.RELEASE/bc3b5aaae53f0bc03647e53ecbd98a05b47a4e90/spring-jcl-5.0.9.RELEASE.jar:/Users/kaelky/.gradle/caches/modules-2/files-2.1/org.attoparser/attoparser/2.0.4.RELEASE/5cf02c4d8303a81f0c80971bb1dcd40d3ba96009/attoparser-2.0.4.RELEASE.jar:/Users/kaelky/.gradle/caches/modules-2/files-2.1/org.unbescape/unbescape/1.1.5.RELEASE/46dc644ea9c234317d926ebac5bf5d8f114dc1ba/unbescape-1.1.5.RELEASE.jar:/Users/kaelky/.gradle/caches/modules-2/files-2.1/com.fasterxml.jackson.core/jackson-annotations/2.9.0/7c10d545325e3a6e72e06381afe469fd40eb701/jackson-annotations-2.9.0.jar:/Users/kaelky/.gradle/caches/modules-2/files-2.1/com.fasterxml.jackson.core/jackson-core/2.9.6/4e393793c37c77e042ccc7be5a914ae39251b365/jackson-core-2.9.6.jar:/Users/kaelky/.gradle/caches/modules-2/files-2.1/net.minidev/accessors-smart/1.2/c592b500269bfde36096641b01238a8350f8aa31/accessors-smart-1.2.jar:/Users/kaelky/.gradle/caches/modules-2/files-2.1/ch.qos.logback/logback-core/1.2.3/864344400c3d4d92dfeb0a305dc87d953677c03c/logback-core-1.2.3.jar:/Users/kaelky/.gradle/caches/modules-2/files-2.1/org.apache.logging.log4j/log4j-api/2.10.0/fec5797a55b786184a537abd39c3fa1449d752d6/log4j-api-2.10.0.jar:/Users/kaelky/.gradle/caches/modules-2/files-2.1/org.ow2.asm/asm/5.0.4/da08b8cce7bbf903602a25a3a163ae252435795/asm-5.0.4.jar, user.name=kaelky, java.vm.specification.version=1.8, sun.java.command=worker.org.gradle.process.internal.worker.GradleWorkerMain 'Gradle Test Executor 2', java.home=/Library/Java/JavaVirtualMachines/jdk1.8.0_60.jdk/Contents/Home/jre, sun.arch.data.model=64, user.language=en, java.specification.vendor=Oracle Corporation, awt.toolkit=sun.lwawt.macosx.LWCToolkit, java.vm.info=mixed mode, java.version=1.8.0_60, java.ext.dirs=/Users/kaelky/Library/Java/Extensions:/Library/Java/JavaVirtualMachines/jdk1.8.0_60.jdk/Contents/Home/jre/lib/ext:/Library/Java/Extensions:/Network/Library/Java/Extensions:/System/Library/Java/Extensions:/usr/lib/java, sun.boot.class.path=/Library/Java/JavaVirtualMachines/jdk1.8.0_60.jdk/Contents/Home/jre/lib/resources.jar:/Library/Java/JavaVirtualMachines/jdk1.8.0_60.jdk/Contents/Home/jre/lib/rt.jar:/Library/Java/JavaVirtualMachines/jdk1.8.0_60.jdk/Contents/Home/jre/lib/sunrsasign.jar:/Library/Java/JavaVirtualMachines/jdk1.8.0_60.jdk/Contents/Home/jre/lib/jsse.jar:/Library/Java/JavaVirtualMachines/jdk1.8.0_60.jdk/Contents/Home/jre/lib/jce.jar:/Library/Java/JavaVirtualMachines/jdk1.8.0_60.jdk/Contents/Home/jre/lib/charsets.jar:/Library/Java/JavaVirtualMachines/jdk1.8.0_60.jdk/Contents/Home/jre/lib/jfr.jar:/Library/Java/JavaVirtualMachines/jdk1.8.0_60.jdk/Contents/Home/jre/classes, java.vendor=Oracle Corporation, org.gradle.test.worker=2, file.separator=/, java.vendor.url.bug=http://bugreport.sun.com/bugreport/, sun.io.unicode.encoding=UnicodeBig, sun.cpu.endian=little, socksNonProxyHosts=local|*.local|169.254/16|*.169.254/16, ftp.nonProxyHosts=local|*.local|169.254/16|*.169.254/16, sun.cpu.isalist=}}, SystemEnvironmentPropertySource@574089093 {name='systemEnvironment', properties={JAVA_MAIN_CLASS_7564=worker.org.gradle.process.internal.worker.GradleWorkerMain, IRBRC=/Users/kaelky/.rvm/rubies/ruby-2.5.0/.irbrc, PATH=/Users/kaelky/.rvm/gems/ruby-2.5.0/bin:/Users/kaelky/.rvm/gems/ruby-2.5.0@global/bin:/Users/kaelky/.rvm/rubies/ruby-2.5.0/bin:/Library/Frameworks/Python.framework/Versions/3.6/bin:/Library/Frameworks/Python.framework/Versions/3.6/bin:/Library/Frameworks/Python.framework/Versions/3.7/bin:/Library/Frameworks/Python.framework/Versions/3.6/bin:/Library/Frameworks/Python.framework/Versions/3.6/bin:/Library/Frameworks/Python.framework/Versions/3.6/bin:/usr/local/bin:/usr/bin:/bin:/usr/sbin:/sbin:/Users/kaelky/.rvm/bin, _system_arch=x86_64, rvm_bin_path=/Users/kaelky/.rvm/bin, rvm_prefix=/Users/kaelky, VERSIONER_PYTHON_VERSION=2.7, LOGNAME=kaelky, rvm_version=1.29.3 (latest), XPC_SERVICE_NAME=com.jetbrains.intellij.ce.19560, SHELL=/bin/bash, _system_type=Darwin, MY_RUBY_HOME=/Users/kaelky/.rvm/rubies/ruby-2.5.0, _system_version=10.13, VERSIONER_PYTHON_PREFER_32_BIT=no, GEM_HOME=/Users/kaelky/.rvm/gems/ruby-2.5.0, USER=kaelky, rvm_path=/Users/kaelky/.rvm, TMPDIR=/var/folders/ff/4wl7yb7d7k5b_c0nrp3wmwkh0000gn/T/, SSH_AUTH_SOCK=/private/tmp/com.apple.launchd.Pohrv6qnAc/Listeners, GEM_PATH=/Users/kaelky/.rvm/gems/ruby-2.5.0:/Users/kaelky/.rvm/gems/ruby-2.5.0@global, RUBY_VERSION=ruby-2.5.0, XPC_FLAGS=0x0, _system_name=OSX, __CF_USER_TEXT_ENCODING=0x1F5:0x0:0x0, Apple_PubSub_Socket_Render=/private/tmp/com.apple.launchd.yKjJNLVJOz/Render, LC_CTYPE=en_US.UTF-8, HOME=/Users/kaelky}}]
15:20:52.318 [Test worker] DEBUG org.springframework.core.io.support.PathMatchingResourcePatternResolver - Resolved classpath location [com/example/demo/] to resources [URL [file:/Users/kaelky/IdeaProjects/tutorial-2/build/classes/java/test/com/example/demo/], URL [file:/Users/kaelky/IdeaProjects/tutorial-2/build/classes/java/main/com/example/demo/]]
15:20:52.319 [Test worker] DEBUG org.springframework.core.io.support.PathMatchingResourcePatternResolver - Looking for matching resources in directory tree [/Users/kaelky/IdeaProjects/tutorial-2/build/classes/java/test/com/example/demo]
15:20:52.319 [Test worker] DEBUG org.springframework.core.io.support.PathMatchingResourcePatternResolver - Searching directory [/Users/kaelky/IdeaProjects/tutorial-2/build/classes/java/test/com/example/demo] for files matching pattern [/Users/kaelky/IdeaProjects/tutorial-2/build/classes/java/test/com/example/demo/*.class]
15:20:52.322 [Test worker] DEBUG org.springframework.core.io.support.PathMatchingResourcePatternResolver - Looking for matching resources in directory tree [/Users/kaelky/IdeaProjects/tutorial-2/build/classes/java/main/com/example/demo]
15:20:52.322 [Test worker] DEBUG org.springframework.core.io.support.PathMatchingResourcePatternResolver - Searching directory [/Users/kaelky/IdeaProjects/tutorial-2/build/classes/java/main/com/example/demo] for files matching pattern [/Users/kaelky/IdeaProjects/tutorial-2/build/classes/java/main/com/example/demo/*.class]
15:20:52.323 [Test worker] DEBUG org.springframework.core.io.support.PathMatchingResourcePatternResolver - Resolved location pattern [classpath*:com/example/demo/*.class] to resources [file [/Users/kaelky/IdeaProjects/tutorial-2/build/classes/java/test/com/example/demo/DemoApplicationTests.class], file [/Users/kaelky/IdeaProjects/tutorial-2/build/classes/java/main/com/example/demo/DemoApplication.class]]
15:20:52.373 [Test worker] DEBUG org.springframework.context.annotation.ClassPathScanningCandidateComponentProvider - Identified candidate component class: file [/Users/kaelky/IdeaProjects/tutorial-2/build/classes/java/main/com/example/demo/DemoApplication.class]
15:20:52.375 [Test worker] INFO org.springframework.boot.test.context.SpringBootTestContextBootstrapper - Found @SpringBootConfiguration com.example.demo.DemoApplication for test class com.example.demo.DemoApplicationTests
15:20:52.486 [Test worker] DEBUG org.springframework.boot.test.context.SpringBootTestContextBootstrapper - @TestExecutionListeners is not present for class [com.example.demo.DemoApplicationTests]: using defaults.
15:20:52.487 [Test worker] INFO org.springframework.boot.test.context.SpringBootTestContextBootstrapper - Loaded default TestExecutionListener class names from location [META-INF/spring.factories]: [org.springframework.boot.test.autoconfigure.restdocs.RestDocsTestExecutionListener, org.springframework.boot.test.autoconfigure.web.client.MockRestServiceServerResetTestExecutionListener, org.springframework.boot.test.autoconfigure.web.servlet.MockMvcPrintOnlyOnFailureTestExecutionListener, org.springframework.boot.test.autoconfigure.web.servlet.WebDriverTestExecutionListener, org.springframework.boot.test.mock.mockito.MockitoTestExecutionListener, org.springframework.boot.test.mock.mockito.ResetMocksTestExecutionListener, org.springframework.test.context.web.ServletTestExecutionListener, org.springframework.test.context.support.DirtiesContextBeforeModesTestExecutionListener, org.springframework.test.context.support.DependencyInjectionTestExecutionListener, org.springframework.test.context.support.DirtiesContextTestExecutionListener, org.springframework.test.context.transaction.TransactionalTestExecutionListener, org.springframework.test.context.jdbc.SqlScriptsTestExecutionListener]
15:20:52.498 [Test worker] DEBUG org.springframework.boot.test.context.SpringBootTestContextBootstrapper - Skipping candidate TestExecutionListener [org.springframework.test.context.transaction.TransactionalTestExecutionListener] due to a missing dependency. Specify custom listener classes or make the default listener classes and their required dependencies available. Offending class: [org/springframework/transaction/interceptor/TransactionAttributeSource]
15:20:52.500 [Test worker] DEBUG org.springframework.boot.test.context.SpringBootTestContextBootstrapper - Skipping candidate TestExecutionListener [org.springframework.test.context.jdbc.SqlScriptsTestExecutionListener] due to a missing dependency. Specify custom listener classes or make the default listener classes and their required dependencies available. Offending class: [org/springframework/transaction/interceptor/TransactionAttribute]
15:20:52.500 [Test worker] INFO org.springframework.boot.test.context.SpringBootTestContextBootstrapper - Using TestExecutionListeners: [org.springframework.test.context.web.ServletTestExecutionListener@22901ddd, org.springframework.test.context.support.DirtiesContextBeforeModesTestExecutionListener@72f3c1a3, org.springframework.boot.test.mock.mockito.MockitoTestExecutionListener@3097f6a, org.springframework.boot.test.autoconfigure.SpringBootDependencyInjectionTestExecutionListener@4851dd5b, org.springframework.test.context.support.DirtiesContextTestExecutionListener@6a0d4f79, org.springframework.boot.test.autoconfigure.restdocs.RestDocsTestExecutionListener@69f7542, org.springframework.boot.test.autoconfigure.web.client.MockRestServiceServerResetTestExecutionListener@4ea5b8d4, org.springframework.boot.test.autoconfigure.web.servlet.MockMvcPrintOnlyOnFailureTestExecutionListener@8580f5e, org.springframework.boot.test.autoconfigure.web.servlet.WebDriverTestExecutionListener@8aeffab, org.springframework.boot.test.mock.mockito.ResetMocksTestExecutionListener@75e6be99]
15:20:52.506 [Test worker] DEBUG org.springframework.test.annotation.ProfileValueUtils - Retrieved @ProfileValueSourceConfiguration [null] for test class [com.example.demo.DemoApplicationTests]
15:20:52.507 [Test worker] DEBUG org.springframework.test.annotation.ProfileValueUtils - Retrieved ProfileValueSource type [class org.springframework.test.annotation.SystemProfileValueSource] for class [com.example.demo.DemoApplicationTests]
15:20:52.509 [Test worker] DEBUG org.springframework.test.annotation.ProfileValueUtils - Retrieved @ProfileValueSourceConfiguration [null] for test class [com.example.demo.DemoApplicationTests]
15:20:52.510 [Test worker] DEBUG org.springframework.test.annotation.ProfileValueUtils - Retrieved ProfileValueSource type [class org.springframework.test.annotation.SystemProfileValueSource] for class [com.example.demo.DemoApplicationTests]
15:20:52.517 [Test worker] DEBUG org.springframework.test.context.support.AbstractDirtiesContextTestExecutionListener - Before test class: context [DefaultTestContext@5223530b testClass = DemoApplicationTests, testInstance = [null], testMethod = [null], testException = [null], mergedContextConfiguration = [WebMergedContextConfiguration@75d2ffea testClass = DemoApplicationTests, locations = '{}', classes = '{class com.example.demo.DemoApplication}', contextInitializerClasses = '[]', activeProfiles = '{}', propertySourceLocations = '{}', propertySourceProperties = '{org.springframework.boot.test.context.SpringBootTestContextBootstrapper=true}', contextCustomizers = set[org.springframework.boot.test.autoconfigure.properties.PropertyMappingContextCustomizer@0, org.springframework.boot.test.autoconfigure.web.servlet.WebDriverContextCustomizerFactory$Customizer@5882823, org.springframework.boot.test.context.filter.ExcludeFilterContextCustomizer@c3502a2, org.springframework.boot.test.json.DuplicateJsonObjectContextCustomizerFactory$DuplicateJsonObjectContextCustomizer@23148264, org.springframework.boot.test.mock.mockito.MockitoContextCustomizer@0, org.springframework.boot.test.web.client.TestRestTemplateContextCustomizer@69342e2d], resourceBasePath = 'src/main/webapp', contextLoader = 'org.springframework.boot.test.context.SpringBootContextLoader', parent = [null]], attributes = map['org.springframework.test.context.web.ServletTestExecutionListener.activateListener' -> true]], class annotated with @DirtiesContext [false] with mode [null].
15:20:52.517 [Test worker] DEBUG org.springframework.test.annotation.ProfileValueUtils - Retrieved @ProfileValueSourceConfiguration [null] for test class [com.example.demo.DemoApplicationTests]
15:20:52.518 [Test worker] DEBUG org.springframework.test.annotation.ProfileValueUtils - Retrieved ProfileValueSource type [class org.springframework.test.annotation.SystemProfileValueSource] for class [com.example.demo.DemoApplicationTests]
15:20:52.535 [Test worker] DEBUG org.springframework.core.env.StandardEnvironment - Adding PropertySource 'systemProperties' with lowest search precedence
15:20:52.536 [Test worker] DEBUG org.springframework.core.env.StandardEnvironment - Adding PropertySource 'systemEnvironment' with lowest search precedence
15:20:52.536 [Test worker] DEBUG org.springframework.core.env.StandardEnvironment - Initialized StandardEnvironment with PropertySources [MapPropertySource@323935565 {name='systemProperties', properties={java.runtime.name=Java(TM) SE Runtime Environment, sun.boot.library.path=/Library/Java/JavaVirtualMachines/jdk1.8.0_60.jdk/Contents/Home/jre/lib, java.vm.version=25.60-b23, gopherProxySet=false, java.vm.vendor=Oracle Corporation, java.vendor.url=http://java.oracle.com/, path.separator=:, java.vm.name=Java HotSpot(TM) 64-Bit Server VM, file.encoding.pkg=sun.io, sun.java.launcher=SUN_STANDARD, user.country=ID, sun.os.patch.level=unknown, java.vm.specification.name=Java Virtual Machine Specification, user.dir=/Users/kaelky/IdeaProjects/tutorial-2, java.runtime.version=1.8.0_60-b27, java.awt.graphicsenv=sun.awt.CGraphicsEnvironment, java.endorsed.dirs=/Library/Java/JavaVirtualMachines/jdk1.8.0_60.jdk/Contents/Home/jre/lib/endorsed, os.arch=x86_64, java.io.tmpdir=/var/folders/ff/4wl7yb7d7k5b_c0nrp3wmwkh0000gn/T/, line.separator=
, java.vm.specification.vendor=Oracle Corporation, user.variant=, os.name=Mac OS X, sun.jnu.encoding=UTF-8, java.library.path=/Users/kaelky/Library/Java/Extensions:/Library/Java/Extensions:/Network/Library/Java/Extensions:/System/Library/Java/Extensions:/usr/lib/java:., java.specification.name=Java Platform API Specification, java.class.version=52.0, org.gradle.native=false, sun.management.compiler=HotSpot 64-Bit Tiered Compilers, os.version=10.13.6, http.nonProxyHosts=local|*.local|169.254/16|*.169.254/16, user.home=/Users/kaelky, user.timezone=Asia/Jakarta, java.awt.printerjob=sun.lwawt.macosx.CPrinterJob, file.encoding=UTF-8, java.specification.version=1.8, java.class.path=/Users/kaelky/IdeaProjects/tutorial-2/build/classes/java/test:/Users/kaelky/IdeaProjects/tutorial-2/build/resources/test:/Users/kaelky/IdeaProjects/tutorial-2/build/classes/java/main:/Users/kaelky/IdeaProjects/tutorial-2/build/resources/main:/Users/kaelky/.gradle/caches/modules-2/files-2.1/org.springframework.boot/spring-boot-starter-thymeleaf/2.0.5.RELEASE/711c936b0e73d40cde44b68deeed7e5a879b7974/spring-boot-starter-thymeleaf-2.0.5.RELEASE.jar:/Users/kaelky/.gradle/caches/modules-2/files-2.1/org.springframework.boot/spring-boot-starter-web/2.0.5.RELEASE/52daa1f1509bd637a737206e54c06a17aabb9504/spring-boot-starter-web-2.0.5.RELEASE.jar:/Users/kaelky/.gradle/caches/modules-2/files-2.1/org.springframework.boot/spring-boot-devtools/2.0.5.RELEASE/9bd89be8e5d96477f8dd846fea4ced5954031d89/spring-boot-devtools-2.0.5.RELEASE.jar:/Users/kaelky/.gradle/caches/modules-2/files-2.1/org.springframework.boot/spring-boot-starter-test/2.0.5.RELEASE/ab04ca2e76f6a8e786001352a81a10e4b0e7fbc8/spring-boot-starter-test-2.0.5.RELEASE.jar:/Users/kaelky/.gradle/caches/modules-2/files-2.1/org.springframework.boot/spring-boot-starter-json/2.0.5.RELEASE/d0052ded4733ceb1fb7d927238f22f9a92099227/spring-boot-starter-json-2.0.5.RELEASE.jar:/Users/kaelky/.gradle/caches/modules-2/files-2.1/org.springframework.boot/spring-boot-starter/2.0.5.RELEASE/1f53487a373be18d064a5815e9bac9882ef15cdc/spring-boot-starter-2.0.5.RELEASE.jar:/Users/kaelky/.gradle/caches/modules-2/files-2.1/org.thymeleaf/thymeleaf-spring5/3.0.9.RELEASE/abf84efd83808a70d982d2790f7f3a7bd3a39cf4/thymeleaf-spring5-3.0.9.RELEASE.jar:/Users/kaelky/.gradle/caches/modules-2/files-2.1/org.thymeleaf.extras/thymeleaf-extras-java8time/3.0.1.RELEASE/d23760d1e53cd70c489ef40dc94ee6bd2371cceb/thymeleaf-extras-java8time-3.0.1.RELEASE.jar:/Users/kaelky/.gradle/caches/modules-2/files-2.1/org.springframework.boot/spring-boot-starter-tomcat/2.0.5.RELEASE/eaac8a5d73b45400bc88cd7f6b5c99b5f0d5e9b7/spring-boot-starter-tomcat-2.0.5.RELEASE.jar:/Users/kaelky/.gradle/caches/modules-2/files-2.1/org.hibernate.validator/hibernate-validator/6.0.12.Final/478003e61b056c1f97840ba3e62ff31cdc89597/hibernate-validator-6.0.12.Final.jar:/Users/kaelky/.gradle/caches/modules-2/files-2.1/org.springframework/spring-webmvc/5.0.9.RELEASE/c18346caaeb8dc648c4cc01874996fd9fef76664/spring-webmvc-5.0.9.RELEASE.jar:/Users/kaelky/.gradle/caches/modules-2/files-2.1/org.springframework/spring-web/5.0.9.RELEASE/1ea3aab93340849313fa74ec626ddaf1fff9ed8e/spring-web-5.0.9.RELEASE.jar:/Users/kaelky/.gradle/caches/modules-2/files-2.1/org.springframework.boot/spring-boot-test-autoconfigure/2.0.5.RELEASE/54d5e8f9e88c6236fe164474f0aed5a8a1052c43/spring-boot-test-autoconfigure-2.0.5.RELEASE.jar:/Users/kaelky/.gradle/caches/modules-2/files-2.1/org.springframework.boot/spring-boot-autoconfigure/2.0.5.RELEASE/e5588642799e0c0c04638e255c3d3f31ba400ff4/spring-boot-autoconfigure-2.0.5.RELEASE.jar:/Users/kaelky/.gradle/caches/modules-2/files-2.1/org.springframework.boot/spring-boot-test/2.0.5.RELEASE/ce6353f33217982357a6bdba6576015ea333304c/spring-boot-test-2.0.5.RELEASE.jar:/Users/kaelky/.gradle/caches/modules-2/files-2.1/org.springframework.boot/spring-boot/2.0.5.RELEASE/19a4624cbd89a318d10c79f289c6c816043850fb/spring-boot-2.0.5.RELEASE.jar:/Users/kaelky/.gradle/caches/modules-2/files-2.1/com.jayway.jsonpath/json-path/2.4.0/765a4401ceb2dc8d40553c2075eb80a8fa35c2ae/json-path-2.4.0.jar:/Users/kaelky/.gradle/caches/modules-2/files-2.1/junit/junit/4.12/2973d150c0dc1fefe998f834810d68f278ea58ec/junit-4.12.jar:/Users/kaelky/.gradle/caches/modules-2/files-2.1/org.assertj/assertj-core/3.9.1/c5ce126b15f28d56cd8f960c1a6a058b9c9aea87/assertj-core-3.9.1.jar:/Users/kaelky/.gradle/caches/modules-2/files-2.1/org.mockito/mockito-core/2.15.0/b84bfbbc29cd22c9529409627af6ea2897f4fa85/mockito-core-2.15.0.jar:/Users/kaelky/.gradle/caches/modules-2/files-2.1/org.hamcrest/hamcrest-library/1.3/4785a3c21320980282f9f33d0d1264a69040538f/hamcrest-library-1.3.jar:/Users/kaelky/.gradle/caches/modules-2/files-2.1/org.hamcrest/hamcrest-core/1.3/42a25dc3219429f0e5d060061f71acb49bf010a0/hamcrest-core-1.3.jar:/Users/kaelky/.gradle/caches/modules-2/files-2.1/org.skyscreamer/jsonassert/1.5.0/6c9d5fe2f59da598d9aefc1cfc6528ff3cf32df3/jsonassert-1.5.0.jar:/Users/kaelky/.gradle/caches/modules-2/files-2.1/org.springframework/spring-test/5.0.9.RELEASE/218c8648f898453be92d550252e0ce2a84b54375/spring-test-5.0.9.RELEASE.jar:/Users/kaelky/.gradle/caches/modules-2/files-2.1/org.springframework/spring-context/5.0.9.RELEASE/2501e55acb6c2e84667cda3f845d1d00a0dc4e05/spring-context-5.0.9.RELEASE.jar:/Users/kaelky/.gradle/caches/modules-2/files-2.1/org.springframework/spring-expression/5.0.9.RELEASE/1f9db5ff3a758102c0434cc3457aa47c50c39a4a/spring-expression-5.0.9.RELEASE.jar:/Users/kaelky/.gradle/caches/modules-2/files-2.1/org.springframework/spring-aop/5.0.9.RELEASE/98003b099697fe46b6bdf18c7e3f66d7a1381060/spring-aop-5.0.9.RELEASE.jar:/Users/kaelky/.gradle/caches/modules-2/files-2.1/org.springframework/spring-beans/5.0.9.RELEASE/65f56fdab1bb90ad059e314d2f2f4cf76f9bdbde/spring-beans-5.0.9.RELEASE.jar:/Users/kaelky/.gradle/caches/modules-2/files-2.1/org.springframework/spring-core/5.0.9.RELEASE/9f9a828936d81afd49a603bda9cc1aed863a0d85/spring-core-5.0.9.RELEASE.jar:/Users/kaelky/.gradle/caches/modules-2/files-2.1/org.xmlunit/xmlunit-core/2.5.1/4ffdb346572a7356f7521cd3119ce5287d2e339d/xmlunit-core-2.5.1.jar:/Users/kaelky/.gradle/caches/modules-2/files-2.1/org.springframework.boot/spring-boot-starter-logging/2.0.5.RELEASE/c353e0b9591d0765c687ff0a678478cbebfd5c23/spring-boot-starter-logging-2.0.5.RELEASE.jar:/Users/kaelky/.gradle/caches/modules-2/files-2.1/javax.annotation/javax.annotation-api/1.3.2/934c04d3cfef185a8008e7bf34331b79730a9d43/javax.annotation-api-1.3.2.jar:/Users/kaelky/.gradle/caches/modules-2/files-2.1/org.yaml/snakeyaml/1.19/2d998d3d674b172a588e54ab619854d073f555b5/snakeyaml-1.19.jar:/Users/kaelky/.gradle/caches/modules-2/files-2.1/org.thymeleaf/thymeleaf/3.0.9.RELEASE/64185cca50ac808ad034841c84b4013f955465d2/thymeleaf-3.0.9.RELEASE.jar:/Users/kaelky/.gradle/caches/modules-2/files-2.1/ch.qos.logback/logback-classic/1.2.3/7c4f3c474fb2c041d8028740440937705ebb473a/logback-classic-1.2.3.jar:/Users/kaelky/.gradle/caches/modules-2/files-2.1/org.apache.logging.log4j/log4j-to-slf4j/2.10.0/f7e631ccf49cfc0aefa4a2a728da7d374c05bd3c/log4j-to-slf4j-2.10.0.jar:/Users/kaelky/.gradle/caches/modules-2/files-2.1/org.slf4j/jul-to-slf4j/1.7.25/af5364cd6679bfffb114f0dec8a157aaa283b76/jul-to-slf4j-1.7.25.jar:/Users/kaelky/.gradle/caches/modules-2/files-2.1/org.slf4j/slf4j-api/1.7.25/da76ca59f6a57ee3102f8f9bd9cee742973efa8a/slf4j-api-1.7.25.jar:/Users/kaelky/.gradle/caches/modules-2/files-2.1/com.fasterxml.jackson.datatype/jackson-datatype-jdk8/2.9.6/456895fc91bf7180b216fead220373e6278230c9/jackson-datatype-jdk8-2.9.6.jar:/Users/kaelky/.gradle/caches/modules-2/files-2.1/com.fasterxml.jackson.datatype/jackson-datatype-jsr310/2.9.6/ea54f6193d224e5e5732bbd4262327eb465397c2/jackson-datatype-jsr310-2.9.6.jar:/Users/kaelky/.gradle/caches/modules-2/files-2.1/com.fasterxml.jackson.module/jackson-module-parameter-names/2.9.6/129acd77a4b6ee30d62d3a0899b1344c8ec2bff8/jackson-module-parameter-names-2.9.6.jar:/Users/kaelky/.gradle/caches/modules-2/files-2.1/com.fasterxml.jackson.core/jackson-databind/2.9.6/cfa4f316351a91bfd95cb0644c6a2c95f52db1fc/jackson-databind-2.9.6.jar:/Users/kaelky/.gradle/caches/modules-2/files-2.1/org.apache.tomcat.embed/tomcat-embed-websocket/8.5.34/5f86906367c2540b21e6aeecc277d2ce9ec939b0/tomcat-embed-websocket-8.5.34.jar:/Users/kaelky/.gradle/caches/modules-2/files-2.1/org.apache.tomcat.embed/tomcat-embed-core/8.5.34/a038040d68a90397f95dd1e11b979fe364a5000f/tomcat-embed-core-8.5.34.jar:/Users/kaelky/.gradle/caches/modules-2/files-2.1/org.apache.tomcat.embed/tomcat-embed-el/8.5.34/be71a9a5bdd001db7cf97c47429eec0bdd3b7b88/tomcat-embed-el-8.5.34.jar:/Users/kaelky/.gradle/caches/modules-2/files-2.1/javax.validation/validation-api/2.0.1.Final/cb855558e6271b1b32e716d24cb85c7f583ce09e/validation-api-2.0.1.Final.jar:/Users/kaelky/.gradle/caches/modules-2/files-2.1/org.jboss.logging/jboss-logging/3.3.2.Final/3789d00e859632e6c6206adc0c71625559e6e3b0/jboss-logging-3.3.2.Final.jar:/Users/kaelky/.gradle/caches/modules-2/files-2.1/com.fasterxml/classmate/1.3.4/3d5f48f10bbe4eb7bd862f10c0583be2e0053c6/classmate-1.3.4.jar:/Users/kaelky/.gradle/caches/modules-2/files-2.1/net.minidev/json-smart/2.3/7396407491352ce4fa30de92efb158adb76b5b/json-smart-2.3.jar:/Users/kaelky/.gradle/caches/modules-2/files-2.1/net.bytebuddy/byte-buddy/1.7.11/f02857a4e2c66ccbe7aaad6100a0a6c461bce9b3/byte-buddy-1.7.11.jar:/Users/kaelky/.gradle/caches/modules-2/files-2.1/net.bytebuddy/byte-buddy-agent/1.7.11/b425a8933ca07edd03c6dbc8bc3b595fba9780de/byte-buddy-agent-1.7.11.jar:/Users/kaelky/.gradle/caches/modules-2/files-2.1/org.objenesis/objenesis/2.6/639033469776fd37c08358c6b92a4761feb2af4b/objenesis-2.6.jar:/Users/kaelky/.gradle/caches/modules-2/files-2.1/com.vaadin.external.google/android-json/0.0.20131108.vaadin1/fa26d351fe62a6a17f5cda1287c1c6110dec413f/android-json-0.0.20131108.vaadin1.jar:/Users/kaelky/.gradle/caches/modules-2/files-2.1/org.springframework/spring-jcl/5.0.9.RELEASE/bc3b5aaae53f0bc03647e53ecbd98a05b47a4e90/spring-jcl-5.0.9.RELEASE.jar:/Users/kaelky/.gradle/caches/modules-2/files-2.1/org.attoparser/attoparser/2.0.4.RELEASE/5cf02c4d8303a81f0c80971bb1dcd40d3ba96009/attoparser-2.0.4.RELEASE.jar:/Users/kaelky/.gradle/caches/modules-2/files-2.1/org.unbescape/unbescape/1.1.5.RELEASE/46dc644ea9c234317d926ebac5bf5d8f114dc1ba/unbescape-1.1.5.RELEASE.jar:/Users/kaelky/.gradle/caches/modules-2/files-2.1/com.fasterxml.jackson.core/jackson-annotations/2.9.0/7c10d545325e3a6e72e06381afe469fd40eb701/jackson-annotations-2.9.0.jar:/Users/kaelky/.gradle/caches/modules-2/files-2.1/com.fasterxml.jackson.core/jackson-core/2.9.6/4e393793c37c77e042ccc7be5a914ae39251b365/jackson-core-2.9.6.jar:/Users/kaelky/.gradle/caches/modules-2/files-2.1/net.minidev/accessors-smart/1.2/c592b500269bfde36096641b01238a8350f8aa31/accessors-smart-1.2.jar:/Users/kaelky/.gradle/caches/modules-2/files-2.1/ch.qos.logback/logback-core/1.2.3/864344400c3d4d92dfeb0a305dc87d953677c03c/logback-core-1.2.3.jar:/Users/kaelky/.gradle/caches/modules-2/files-2.1/org.apache.logging.log4j/log4j-api/2.10.0/fec5797a55b786184a537abd39c3fa1449d752d6/log4j-api-2.10.0.jar:/Users/kaelky/.gradle/caches/modules-2/files-2.1/org.ow2.asm/asm/5.0.4/da08b8cce7bbf903602a25a3a163ae252435795/asm-5.0.4.jar, user.name=kaelky, java.vm.specification.version=1.8, sun.java.command=worker.org.gradle.process.internal.worker.GradleWorkerMain 'Gradle Test Executor 2', java.home=/Library/Java/JavaVirtualMachines/jdk1.8.0_60.jdk/Contents/Home/jre, sun.arch.data.model=64, user.language=en, java.specification.vendor=Oracle Corporation, awt.toolkit=sun.lwawt.macosx.LWCToolkit, java.vm.info=mixed mode, java.version=1.8.0_60, java.ext.dirs=/Users/kaelky/Library/Java/Extensions:/Library/Java/JavaVirtualMachines/jdk1.8.0_60.jdk/Contents/Home/jre/lib/ext:/Library/Java/Extensions:/Network/Library/Java/Extensions:/System/Library/Java/Extensions:/usr/lib/java, sun.boot.class.path=/Library/Java/JavaVirtualMachines/jdk1.8.0_60.jdk/Contents/Home/jre/lib/resources.jar:/Library/Java/JavaVirtualMachines/jdk1.8.0_60.jdk/Contents/Home/jre/lib/rt.jar:/Library/Java/JavaVirtualMachines/jdk1.8.0_60.jdk/Contents/Home/jre/lib/sunrsasign.jar:/Library/Java/JavaVirtualMachines/jdk1.8.0_60.jdk/Contents/Home/jre/lib/jsse.jar:/Library/Java/JavaVirtualMachines/jdk1.8.0_60.jdk/Contents/Home/jre/lib/jce.jar:/Library/Java/JavaVirtualMachines/jdk1.8.0_60.jdk/Contents/Home/jre/lib/charsets.jar:/Library/Java/JavaVirtualMachines/jdk1.8.0_60.jdk/Contents/Home/jre/lib/jfr.jar:/Library/Java/JavaVirtualMachines/jdk1.8.0_60.jdk/Contents/Home/jre/classes, java.vendor=Oracle Corporation, org.gradle.test.worker=2, file.separator=/, java.vendor.url.bug=http://bugreport.sun.com/bugreport/, sun.io.unicode.encoding=UnicodeBig, sun.cpu.endian=little, socksNonProxyHosts=local|*.local|169.254/16|*.169.254/16, ftp.nonProxyHosts=local|*.local|169.254/16|*.169.254/16, sun.cpu.isalist=}}, SystemEnvironmentPropertySource@1766110908 {name='systemEnvironment', properties={JAVA_MAIN_CLASS_7564=worker.org.gradle.process.internal.worker.GradleWorkerMain, IRBRC=/Users/kaelky/.rvm/rubies/ruby-2.5.0/.irbrc, PATH=/Users/kaelky/.rvm/gems/ruby-2.5.0/bin:/Users/kaelky/.rvm/gems/ruby-2.5.0@global/bin:/Users/kaelky/.rvm/rubies/ruby-2.5.0/bin:/Library/Frameworks/Python.framework/Versions/3.6/bin:/Library/Frameworks/Python.framework/Versions/3.6/bin:/Library/Frameworks/Python.framework/Versions/3.7/bin:/Library/Frameworks/Python.framework/Versions/3.6/bin:/Library/Frameworks/Python.framework/Versions/3.6/bin:/Library/Frameworks/Python.framework/Versions/3.6/bin:/usr/local/bin:/usr/bin:/bin:/usr/sbin:/sbin:/Users/kaelky/.rvm/bin, _system_arch=x86_64, rvm_bin_path=/Users/kaelky/.rvm/bin, rvm_prefix=/Users/kaelky, VERSIONER_PYTHON_VERSION=2.7, LOGNAME=kaelky, rvm_version=1.29.3 (latest), XPC_SERVICE_NAME=com.jetbrains.intellij.ce.19560, SHELL=/bin/bash, _system_type=Darwin, MY_RUBY_HOME=/Users/kaelky/.rvm/rubies/ruby-2.5.0, _system_version=10.13, VERSIONER_PYTHON_PREFER_32_BIT=no, GEM_HOME=/Users/kaelky/.rvm/gems/ruby-2.5.0, USER=kaelky, rvm_path=/Users/kaelky/.rvm, TMPDIR=/var/folders/ff/4wl7yb7d7k5b_c0nrp3wmwkh0000gn/T/, SSH_AUTH_SOCK=/private/tmp/com.apple.launchd.Pohrv6qnAc/Listeners, GEM_PATH=/Users/kaelky/.rvm/gems/ruby-2.5.0:/Users/kaelky/.rvm/gems/ruby-2.5.0@global, RUBY_VERSION=ruby-2.5.0, XPC_FLAGS=0x0, _system_name=OSX, __CF_USER_TEXT_ENCODING=0x1F5:0x0:0x0, Apple_PubSub_Socket_Render=/private/tmp/com.apple.launchd.yKjJNLVJOz/Render, LC_CTYPE=en_US.UTF-8, HOME=/Users/kaelky}}]
15:20:52.543 [Test worker] DEBUG org.springframework.test.context.support.TestPropertySourceUtils - Adding inlined properties to environment: {spring.jmx.enabled=false, org.springframework.boot.test.context.SpringBootTestContextBootstrapper=true, server.port=-1}
15:20:52.545 [Test worker] DEBUG org.springframework.core.env.StandardEnvironment - Adding PropertySource 'Inlined Test Properties' with highest search precedence

  .   ____          _            __ _ _
 /\\ / ___'_ __ _ _(_)_ __  __ _ \ \ \ \
( ( )\___ | '_ | '_| | '_ \/ _` | \ \ \ \
 \\/  ___)| |_)| | | | | || (_| |  ) ) ) )
  '  |____| .__|_| |_|_| |_\__, | / / / /
 =========|_|==============|___/=/_/_/_/
 :: Spring Boot ::        (v2.0.5.RELEASE)

2018-09-19 15:20:52.919  INFO 7564 --- [    Test worker] com.example.demo.DemoApplicationTests    : Starting DemoApplicationTests on Rickys-MacBook-Pro.local with PID 7564 (started by kaelky in /Users/kaelky/IdeaProjects/tutorial-2)
2018-09-19 15:20:52.920  INFO 7564 --- [    Test worker] com.example.demo.DemoApplicationTests    : No active profile set, falling back to default profiles: default
2018-09-19 15:20:52.988  INFO 7564 --- [    Test worker] o.s.w.c.s.GenericWebApplicationContext   : Refreshing org.springframework.web.context.support.GenericWebApplicationContext@48e6b15e: startup date [Wed Sep 19 15:20:52 WIB 2018]; root of context hierarchy
2018-09-19 15:20:54.591  INFO 7564 --- [    Test worker] o.s.w.s.handler.SimpleUrlHandlerMapping  : Mapped URL path [/**/favicon.ico] onto handler of type [class org.springframework.web.servlet.resource.ResourceHttpRequestHandler]
2018-09-19 15:20:54.776  INFO 7564 --- [    Test worker] s.w.s.m.m.a.RequestMappingHandlerAdapter : Looking for @ControllerAdvice: org.springframework.web.context.support.GenericWebApplicationContext@48e6b15e: startup date [Wed Sep 19 15:20:52 WIB 2018]; root of context hierarchy
2018-09-19 15:20:54.893  INFO 7564 --- [    Test worker] s.w.s.m.m.a.RequestMappingHandlerMapping : Mapped "{[/viral]}" onto public java.lang.String com.example.demo.controller.PageController.viral()
2018-09-19 15:20:54.897  INFO 7564 --- [    Test worker] s.w.s.m.m.a.RequestMappingHandlerMapping : Mapped "{[/error]}" onto public org.springframework.http.ResponseEntity<java.util.Map<java.lang.String, java.lang.Object>> org.springframework.boot.autoconfigure.web.servlet.error.BasicErrorController.error(javax.servlet.http.HttpServletRequest)
2018-09-19 15:20:54.897  INFO 7564 --- [    Test worker] s.w.s.m.m.a.RequestMappingHandlerMapping : Mapped "{[/error],produces=[text/html]}" onto public org.springframework.web.servlet.ModelAndView org.springframework.boot.autoconfigure.web.servlet.error.BasicErrorController.errorHtml(javax.servlet.http.HttpServletRequest,javax.servlet.http.HttpServletResponse)
2018-09-19 15:20:54.937  INFO 7564 --- [    Test worker] o.s.w.s.handler.SimpleUrlHandlerMapping  : Mapped URL path [/webjars/**] onto handler of type [class org.springframework.web.servlet.resource.ResourceHttpRequestHandler]
2018-09-19 15:20:54.937  INFO 7564 --- [    Test worker] o.s.w.s.handler.SimpleUrlHandlerMapping  : Mapped URL path [/**] onto handler of type [class org.springframework.web.servlet.resource.ResourceHttpRequestHandler]
2018-09-19 15:20:55.201  INFO 7564 --- [    Test worker] com.example.demo.DemoApplicationTests    : Started DemoApplicationTests in 2.643 seconds (JVM running for 3.81)
]]></system-out>
  <system-err><![CDATA[]]></system-err>
</testsuite>
